DEBUG - 2025-09-03 01:22:39 --> Session: Class initialized using 'CodeIgniter\Session\Handlers\FileHandler' driver.
DEBUG - 2025-09-03 01:22:57 --> Session: Class initialized using 'CodeIgniter\Session\Handlers\FileHandler' driver.
DEBUG - 2025-09-03 01:22:58 --> Session: Class initialized using 'CodeIgniter\Session\Handlers\FileHandler' driver.
DEBUG - 2025-09-03 01:23:04 --> Session: Class initialized using 'CodeIgniter\Session\Handlers\FileHandler' driver.
DEBUG - 2025-09-03 01:23:04 --> Session: Class initialized using 'CodeIgniter\Session\Handlers\FileHandler' driver.
DEBUG - 2025-09-03 01:23:15 --> Session: Class initialized using 'CodeIgniter\Session\Handlers\FileHandler' driver.
DEBUG - 2025-09-03 01:24:38 --> Session: Class initialized using 'CodeIgniter\Session\Handlers\FileHandler' driver.
DEBUG - 2025-09-03 01:26:02 --> Session: Class initialized using 'CodeIgniter\Session\Handlers\FileHandler' driver.
DEBUG - 2025-09-03 01:26:06 --> Session: Class initialized using 'CodeIgniter\Session\Handlers\FileHandler' driver.
DEBUG - 2025-09-03 01:26:09 --> Session: Class initialized using 'CodeIgniter\Session\Handlers\FileHandler' driver.
DEBUG - 2025-09-03 01:26:13 --> Session: Class initialized using 'CodeIgniter\Session\Handlers\FileHandler' driver.
DEBUG - 2025-09-03 01:26:15 --> Session: Class initialized using 'CodeIgniter\Session\Handlers\FileHandler' driver.
DEBUG - 2025-09-03 01:26:18 --> Session: Class initialized using 'CodeIgniter\Session\Handlers\FileHandler' driver.
DEBUG - 2025-09-03 01:26:23 --> Session: Class initialized using 'CodeIgniter\Session\Handlers\FileHandler' driver.
DEBUG - 2025-09-03 01:26:35 --> Session: Class initialized using 'CodeIgniter\Session\Handlers\FileHandler' driver.
DEBUG - 2025-09-03 01:26:37 --> Session: Class initialized using 'CodeIgniter\Session\Handlers\FileHandler' driver.
DEBUG - 2025-09-03 01:26:37 --> Session: Class initialized using 'CodeIgniter\Session\Handlers\FileHandler' driver.
DEBUG - 2025-09-03 01:26:39 --> Session: Class initialized using 'CodeIgniter\Session\Handlers\FileHandler' driver.
DEBUG - 2025-09-03 01:26:41 --> Session: Class initialized using 'CodeIgniter\Session\Handlers\FileHandler' driver.
DEBUG - 2025-09-03 01:26:54 --> Session: Class initialized using 'CodeIgniter\Session\Handlers\FileHandler' driver.
DEBUG - 2025-09-03 01:26:59 --> Session: Class initialized using 'CodeIgniter\Session\Handlers\FileHandler' driver.
DEBUG - 2025-09-03 01:27:02 --> Session: Class initialized using 'CodeIgniter\Session\Handlers\FileHandler' driver.
DEBUG - 2025-09-03 01:27:04 --> Session: Class initialized using 'CodeIgniter\Session\Handlers\FileHandler' driver.
DEBUG - 2025-09-03 01:27:05 --> Session: Class initialized using 'CodeIgniter\Session\Handlers\FileHandler' driver.
DEBUG - 2025-09-03 01:27:06 --> Session: Class initialized using 'CodeIgniter\Session\Handlers\FileHandler' driver.
DEBUG - 2025-09-03 01:28:16 --> Session: Class initialized using 'CodeIgniter\Session\Handlers\FileHandler' driver.
DEBUG - 2025-09-03 05:46:00 --> Session: Class initialized using 'CodeIgniter\Session\Handlers\FileHandler' driver.
DEBUG - 2025-09-03 05:46:07 --> Session: Class initialized using 'CodeIgniter\Session\Handlers\FileHandler' driver.
DEBUG - 2025-09-03 05:46:08 --> Session: Class initialized using 'CodeIgniter\Session\Handlers\FileHandler' driver.
DEBUG - 2025-09-03 05:46:13 --> Session: Class initialized using 'CodeIgniter\Session\Handlers\FileHandler' driver.
DEBUG - 2025-09-03 05:50:29 --> Session: Class initialized using 'CodeIgniter\Session\Handlers\FileHandler' driver.
DEBUG - 2025-09-03 05:50:34 --> Session: Class initialized using 'CodeIgniter\Session\Handlers\FileHandler' driver.
DEBUG - 2025-09-03 05:50:34 --> Session: Class initialized using 'CodeIgniter\Session\Handlers\FileHandler' driver.
DEBUG - 2025-09-03 05:50:37 --> Session: Class initialized using 'CodeIgniter\Session\Handlers\FileHandler' driver.
DEBUG - 2025-09-03 05:50:39 --> Session: Class initialized using 'CodeIgniter\Session\Handlers\FileHandler' driver.
DEBUG - 2025-09-03 05:50:43 --> Session: Class initialized using 'CodeIgniter\Session\Handlers\FileHandler' driver.
DEBUG - 2025-09-03 05:50:44 --> Session: Class initialized using 'CodeIgniter\Session\Handlers\FileHandler' driver.
DEBUG - 2025-09-03 05:51:28 --> Session: Class initialized using 'CodeIgniter\Session\Handlers\FileHandler' driver.
DEBUG - 2025-09-03 05:51:29 --> Session: Class initialized using 'CodeIgniter\Session\Handlers\FileHandler' driver.
DEBUG - 2025-09-03 05:51:43 --> Session: Class initialized using 'CodeIgniter\Session\Handlers\FileHandler' driver.
DEBUG - 2025-09-03 05:51:43 --> Session: Class initialized using 'CodeIgniter\Session\Handlers\FileHandler' driver.
DEBUG - 2025-09-03 05:51:53 --> Session: Class initialized using 'CodeIgniter\Session\Handlers\FileHandler' driver.
DEBUG - 2025-09-03 05:52:10 --> Session: Class initialized using 'CodeIgniter\Session\Handlers\FileHandler' driver.
DEBUG - 2025-09-03 06:29:47 --> Session: Class initialized using 'CodeIgniter\Session\Handlers\FileHandler' driver.
DEBUG - 2025-09-03 06:29:48 --> Session: Class initialized using 'CodeIgniter\Session\Handlers\FileHandler' driver.
DEBUG - 2025-09-03 06:29:54 --> Session: Class initialized using 'CodeIgniter\Session\Handlers\FileHandler' driver.
DEBUG - 2025-09-03 06:29:54 --> Session: Class initialized using 'CodeIgniter\Session\Handlers\FileHandler' driver.
DEBUG - 2025-09-03 06:29:58 --> Session: Class initialized using 'CodeIgniter\Session\Handlers\FileHandler' driver.
DEBUG - 2025-09-03 06:29:59 --> Session: Class initialized using 'CodeIgniter\Session\Handlers\FileHandler' driver.
DEBUG - 2025-09-03 06:30:00 --> Session: Class initialized using 'CodeIgniter\Session\Handlers\FileHandler' driver.
DEBUG - 2025-09-03 06:30:01 --> Session: Class initialized using 'CodeIgniter\Session\Handlers\FileHandler' driver.
DEBUG - 2025-09-03 06:30:02 --> Session: Class initialized using 'CodeIgniter\Session\Handlers\FileHandler' driver.
DEBUG - 2025-09-03 06:30:04 --> Session: Class initialized using 'CodeIgniter\Session\Handlers\FileHandler' driver.
DEBUG - 2025-09-03 06:30:06 --> Session: Class initialized using 'CodeIgniter\Session\Handlers\FileHandler' driver.
DEBUG - 2025-09-03 06:30:08 --> Session: Class initialized using 'CodeIgniter\Session\Handlers\FileHandler' driver.
DEBUG - 2025-09-03 06:30:11 --> Session: Class initialized using 'CodeIgniter\Session\Handlers\FileHandler' driver.
DEBUG - 2025-09-03 06:30:12 --> Session: Class initialized using 'CodeIgniter\Session\Handlers\FileHandler' driver.
DEBUG - 2025-09-03 06:30:14 --> Session: Class initialized using 'CodeIgniter\Session\Handlers\FileHandler' driver.
DEBUG - 2025-09-03 06:30:16 --> Session: Class initialized using 'CodeIgniter\Session\Handlers\FileHandler' driver.
DEBUG - 2025-09-03 06:30:17 --> Session: Class initialized using 'CodeIgniter\Session\Handlers\FileHandler' driver.
DEBUG - 2025-09-03 06:30:29 --> Session: Class initialized using 'CodeIgniter\Session\Handlers\FileHandler' driver.
DEBUG - 2025-09-03 06:30:30 --> Session: Class initialized using 'CodeIgniter\Session\Handlers\FileHandler' driver.
DEBUG - 2025-09-03 06:30:31 --> Session: Class initialized using 'CodeIgniter\Session\Handlers\FileHandler' driver.
DEBUG - 2025-09-03 06:30:33 --> Session: Class initialized using 'CodeIgniter\Session\Handlers\FileHandler' driver.
DEBUG - 2025-09-03 06:30:34 --> Session: Class initialized using 'CodeIgniter\Session\Handlers\FileHandler' driver.
DEBUG - 2025-09-03 06:30:36 --> Session: Class initialized using 'CodeIgniter\Session\Handlers\FileHandler' driver.
DEBUG - 2025-09-03 06:30:39 --> Session: Class initialized using 'CodeIgniter\Session\Handlers\FileHandler' driver.
DEBUG - 2025-09-03 06:30:40 --> Session: Class initialized using 'CodeIgniter\Session\Handlers\FileHandler' driver.
DEBUG - 2025-09-03 06:30:41 --> Session: Class initialized using 'CodeIgniter\Session\Handlers\FileHandler' driver.
DEBUG - 2025-09-03 06:30:42 --> Session: Class initialized using 'CodeIgniter\Session\Handlers\FileHandler' driver.
DEBUG - 2025-09-03 06:30:43 --> Session: Class initialized using 'CodeIgniter\Session\Handlers\FileHandler' driver.
DEBUG - 2025-09-03 06:40:34 --> Session: Class initialized using 'CodeIgniter\Session\Handlers\FileHandler' driver.
DEBUG - 2025-09-03 06:40:37 --> Session: Class initialized using 'CodeIgniter\Session\Handlers\FileHandler' driver.
DEBUG - 2025-09-03 06:42:07 --> Session: Class initialized using 'CodeIgniter\Session\Handlers\FileHandler' driver.
DEBUG - 2025-09-03 06:42:13 --> Session: Class initialized using 'CodeIgniter\Session\Handlers\FileHandler' driver.
DEBUG - 2025-09-03 06:54:38 --> Session: Class initialized using 'CodeIgniter\Session\Handlers\FileHandler' driver.
DEBUG - 2025-09-03 07:33:46 --> Session: Class initialized using 'CodeIgniter\Session\Handlers\FileHandler' driver.
ERROR - 2025-09-03 07:33:46 --> mysqli_sql_exception: Table 'assessors_profile.smv_progress' doesn't exist in C:\xampp\htdocs\assessors-profile\system\Database\MySQLi\Connection.php:327
Stack trace:
#0 C:\xampp\htdocs\assessors-profile\system\Database\MySQLi\Connection.php(327): mysqli->query('SELECT COUNT(*)...', 0)
#1 C:\xampp\htdocs\assessors-profile\system\Database\BaseConnection.php(729): CodeIgniter\Database\MySQLi\Connection->execute('SELECT COUNT(*)...')
#2 C:\xampp\htdocs\assessors-profile\system\Database\BaseConnection.php(646): CodeIgniter\Database\BaseConnection->simpleQuery('SELECT COUNT(*)...')
#3 C:\xampp\htdocs\assessors-profile\system\Database\BaseBuilder.php(1733): CodeIgniter\Database\BaseConnection->query('SELECT COUNT(*)...', Array, false)
#4 C:\xampp\htdocs\assessors-profile\app\Models\Smv_model.php(34): CodeIgniter\Database\BaseBuilder->countAllResults()
#5 C:\xampp\htdocs\assessors-profile\app\Controllers\Smv.php(28): App\Models\Smv_model->calculateProgress('1')
#6 C:\xampp\htdocs\assessors-profile\system\CodeIgniter.php(933): App\Controllers\Smv->index()
#7 C:\xampp\htdocs\assessors-profile\system\CodeIgniter.php(507): CodeIgniter\CodeIgniter->runController(Object(App\Controllers\Smv))
#8 C:\xampp\htdocs\assessors-profile\system\CodeIgniter.php(354): CodeIgniter\CodeIgniter->handleRequest(NULL, Object(Config\Cache), false)
#9 C:\xampp\htdocs\assessors-profile\system\Boot.php(363): CodeIgniter\CodeIgniter->run()
#10 C:\xampp\htdocs\assessors-profile\system\Boot.php(68): CodeIgniter\Boot::runCodeIgniter(Object(CodeIgniter\CodeIgniter))
#11 C:\xampp\htdocs\assessors-profile\public\index.php(59): CodeIgniter\Boot::bootWeb(Object(Config\Paths))
#12 {main}
CRITICAL - 2025-09-03 07:33:46 --> CodeIgniter\Database\Exceptions\DatabaseException: Table 'assessors_profile.smv_progress' doesn't exist
[Method: GET, Route: smv]
in SYSTEMPATH\Database\BaseConnection.php on line 684.
 1 SYSTEMPATH\Database\BaseBuilder.php(1733): CodeIgniter\Database\BaseConnection->query('SELECT COUNT(*) AS `numrows`
FROM `smv_progress`
WHERE `province_id` = :province_id:', [...], false)
 2 APPPATH\Models\Smv_model.php(34): CodeIgniter\Database\BaseBuilder->countAllResults()
 3 APPPATH\Controllers\Smv.php(28): App\Models\Smv_model->calculateProgress('1')
 4 SYSTEMPATH\CodeIgniter.php(933): App\Controllers\Smv->index()
 5 SYSTEMPATH\CodeIgniter.php(507): CodeIgniter\CodeIgniter->runController(Object(App\Controllers\Smv))
 6 SYSTEMPATH\CodeIgniter.php(354): CodeIgniter\CodeIgniter->handleRequest(null, Object(Config\Cache), false)
 7 SYSTEMPATH\Boot.php(363): CodeIgniter\CodeIgniter->run()
 8 SYSTEMPATH\Boot.php(68): CodeIgniter\Boot::runCodeIgniter(Object(CodeIgniter\CodeIgniter))
 9 FCPATH\index.php(59): CodeIgniter\Boot::bootWeb(Object(Config\Paths))
CRITICAL - 2025-09-03 07:33:46 --> [Caused by] CodeIgniter\Database\Exceptions\DatabaseException: Table 'assessors_profile.smv_progress' doesn't exist
in SYSTEMPATH\Database\MySQLi\Connection.php on line 332.
 1 SYSTEMPATH\Database\BaseConnection.php(729): CodeIgniter\Database\MySQLi\Connection->execute('SELECT COUNT(*) AS `numrows`
FROM `smv_progress`
WHERE `province_id` = \'1\'')
 2 SYSTEMPATH\Database\BaseConnection.php(646): CodeIgniter\Database\BaseConnection->simpleQuery('SELECT COUNT(*) AS `numrows`
FROM `smv_progress`
WHERE `province_id` = \'1\'')
 3 SYSTEMPATH\Database\BaseBuilder.php(1733): CodeIgniter\Database\BaseConnection->query('SELECT COUNT(*) AS `numrows`
FROM `smv_progress`
WHERE `province_id` = :province_id:', [...], false)
 4 APPPATH\Models\Smv_model.php(34): CodeIgniter\Database\BaseBuilder->countAllResults()
 5 APPPATH\Controllers\Smv.php(28): App\Models\Smv_model->calculateProgress('1')
 6 SYSTEMPATH\CodeIgniter.php(933): App\Controllers\Smv->index()
 7 SYSTEMPATH\CodeIgniter.php(507): CodeIgniter\CodeIgniter->runController(Object(App\Controllers\Smv))
 8 SYSTEMPATH\CodeIgniter.php(354): CodeIgniter\CodeIgniter->handleRequest(null, Object(Config\Cache), false)
 9 SYSTEMPATH\Boot.php(363): CodeIgniter\CodeIgniter->run()
10 SYSTEMPATH\Boot.php(68): CodeIgniter\Boot::runCodeIgniter(Object(CodeIgniter\CodeIgniter))
11 FCPATH\index.php(59): CodeIgniter\Boot::bootWeb(Object(Config\Paths))
CRITICAL - 2025-09-03 07:33:46 --> [Caused by] mysqli_sql_exception: Table 'assessors_profile.smv_progress' doesn't exist
in SYSTEMPATH\Database\MySQLi\Connection.php on line 327.
 1 SYSTEMPATH\Database\MySQLi\Connection.php(327): mysqli->query('SELECT COUNT(*) AS `numrows`
FROM `smv_progress`
WHERE `province_id` = \'1\'', 0)
 2 SYSTEMPATH\Database\BaseConnection.php(729): CodeIgniter\Database\MySQLi\Connection->execute('SELECT COUNT(*) AS `numrows`
FROM `smv_progress`
WHERE `province_id` = \'1\'')
 3 SYSTEMPATH\Database\BaseConnection.php(646): CodeIgniter\Database\BaseConnection->simpleQuery('SELECT COUNT(*) AS `numrows`
FROM `smv_progress`
WHERE `province_id` = \'1\'')
 4 SYSTEMPATH\Database\BaseBuilder.php(1733): CodeIgniter\Database\BaseConnection->query('SELECT COUNT(*) AS `numrows`
FROM `smv_progress`
WHERE `province_id` = :province_id:', [...], false)
 5 APPPATH\Models\Smv_model.php(34): CodeIgniter\Database\BaseBuilder->countAllResults()
 6 APPPATH\Controllers\Smv.php(28): App\Models\Smv_model->calculateProgress('1')
 7 SYSTEMPATH\CodeIgniter.php(933): App\Controllers\Smv->index()
 8 SYSTEMPATH\CodeIgniter.php(507): CodeIgniter\CodeIgniter->runController(Object(App\Controllers\Smv))
 9 SYSTEMPATH\CodeIgniter.php(354): CodeIgniter\CodeIgniter->handleRequest(null, Object(Config\Cache), false)
10 SYSTEMPATH\Boot.php(363): CodeIgniter\CodeIgniter->run()
11 SYSTEMPATH\Boot.php(68): CodeIgniter\Boot::runCodeIgniter(Object(CodeIgniter\CodeIgniter))
12 FCPATH\index.php(59): CodeIgniter\Boot::bootWeb(Object(Config\Paths))
DEBUG - 2025-09-03 07:35:34 --> Session: Class initialized using 'CodeIgniter\Session\Handlers\FileHandler' driver.
DEBUG - 2025-09-03 07:38:39 --> Session: Class initialized using 'CodeIgniter\Session\Handlers\FileHandler' driver.
DEBUG - 2025-09-03 07:41:12 --> Session: Class initialized using 'CodeIgniter\Session\Handlers\FileHandler' driver.
CRITICAL - 2025-09-03 07:41:12 --> CodeIgniter\Exceptions\BadMethodCallException: Call to undefined method App\Models\Smv_model::calculateProvinceProgress
[Method: GET, Route: smv]
in SYSTEMPATH\Model.php on line 927.
 1 APPPATH\Controllers\Smv.php(30): CodeIgniter\Model->__call('calculateProvinceProgress', [...])
 2 SYSTEMPATH\CodeIgniter.php(933): App\Controllers\Smv->index()
 3 SYSTEMPATH\CodeIgniter.php(507): CodeIgniter\CodeIgniter->runController(Object(App\Controllers\Smv))
 4 SYSTEMPATH\CodeIgniter.php(354): CodeIgniter\CodeIgniter->handleRequest(null, Object(Config\Cache), false)
 5 SYSTEMPATH\Boot.php(363): CodeIgniter\CodeIgniter->run()
 6 SYSTEMPATH\Boot.php(68): CodeIgniter\Boot::runCodeIgniter(Object(CodeIgniter\CodeIgniter))
 7 FCPATH\index.php(59): CodeIgniter\Boot::bootWeb(Object(Config\Paths))
DEBUG - 2025-09-03 07:42:07 --> Session: Class initialized using 'CodeIgniter\Session\Handlers\FileHandler' driver.
CRITICAL - 2025-09-03 07:42:07 --> CodeIgniter\View\Exceptions\ViewException: Invalid file: "smv/progress.php"
[Method: GET, Route: smv]
in SYSTEMPATH\Exceptions\FrameworkException.php on line 39.
 1 SYSTEMPATH\View\View.php(214): CodeIgniter\Exceptions\FrameworkException::forInvalidFile('smv/progress.php')
 2 SYSTEMPATH\Common.php(1167): CodeIgniter\View\View->render('smv/progress', [], true)
 3 APPPATH\Controllers\Smv.php(57): view('smv/progress', [...])
 4 SYSTEMPATH\CodeIgniter.php(933): App\Controllers\Smv->index()
 5 SYSTEMPATH\CodeIgniter.php(507): CodeIgniter\CodeIgniter->runController(Object(App\Controllers\Smv))
 6 SYSTEMPATH\CodeIgniter.php(354): CodeIgniter\CodeIgniter->handleRequest(null, Object(Config\Cache), false)
 7 SYSTEMPATH\Boot.php(363): CodeIgniter\CodeIgniter->run()
 8 SYSTEMPATH\Boot.php(68): CodeIgniter\Boot::runCodeIgniter(Object(CodeIgniter\CodeIgniter))
 9 FCPATH\index.php(59): CodeIgniter\Boot::bootWeb(Object(Config\Paths))
DEBUG - 2025-09-03 07:43:17 --> Session: Class initialized using 'CodeIgniter\Session\Handlers\FileHandler' driver.
DEBUG - 2025-09-03 07:43:22 --> Session: Class initialized using 'CodeIgniter\Session\Handlers\FileHandler' driver.
DEBUG - 2025-09-03 07:43:25 --> Session: Class initialized using 'CodeIgniter\Session\Handlers\FileHandler' driver.
DEBUG - 2025-09-03 07:46:04 --> Session: Class initialized using 'CodeIgniter\Session\Handlers\FileHandler' driver.
DEBUG - 2025-09-03 07:54:00 --> Session: Class initialized using 'CodeIgniter\Session\Handlers\FileHandler' driver.
DEBUG - 2025-09-03 07:54:11 --> Session: Class initialized using 'CodeIgniter\Session\Handlers\FileHandler' driver.
DEBUG - 2025-09-03 08:07:07 --> Session: Class initialized using 'CodeIgniter\Session\Handlers\FileHandler' driver.
DEBUG - 2025-09-03 08:07:08 --> Session: Class initialized using 'CodeIgniter\Session\Handlers\FileHandler' driver.
CRITICAL - 2025-09-03 08:07:08 --> ErrorException: Undefined array key "id"
[Method: GET, Route: rpvara/progress]
in APPPATH\Views\rpvara\progress.php on line 37.
 1 APPPATH\Views\rpvara\progress.php(37): CodeIgniter\Debug\Exceptions->errorHandler(2, 'Undefined array key "id"', 'C:\\xampp\\htdocs\\assessors-profile\\app\\Views\\rpvara\\progress.php', 37)
 2 SYSTEMPATH\View\View.php(226): include('C:\\xampp\\htdocs\\assessors-profile\\app\\Views\\rpvara\\progress.php')
 3 SYSTEMPATH\View\View.php(229): CodeIgniter\View\View->CodeIgniter\View\{closure}()
 4 SYSTEMPATH\Common.php(1167): CodeIgniter\View\View->render('rpvara/progress', [], true)
 5 APPPATH\Controllers\Rpvara.php(72): view('rpvara/progress', [...])
 6 SYSTEMPATH\CodeIgniter.php(933): App\Controllers\Rpvara->progress()
 7 SYSTEMPATH\CodeIgniter.php(507): CodeIgniter\CodeIgniter->runController(Object(App\Controllers\Rpvara))
 8 SYSTEMPATH\CodeIgniter.php(354): CodeIgniter\CodeIgniter->handleRequest(null, Object(Config\Cache), false)
 9 SYSTEMPATH\Boot.php(363): CodeIgniter\CodeIgniter->run()
10 SYSTEMPATH\Boot.php(68): CodeIgniter\Boot::runCodeIgniter(Object(CodeIgniter\CodeIgniter))
11 FCPATH\index.php(59): CodeIgniter\Boot::bootWeb(Object(Config\Paths))
DEBUG - 2025-09-03 08:09:56 --> Session: Class initialized using 'CodeIgniter\Session\Handlers\FileHandler' driver.
CRITICAL - 2025-09-03 08:09:56 --> ErrorException: Undefined array key "id"
[Method: GET, Route: rpvara/progress]
in APPPATH\Views\rpvara\progress.php on line 37.
 1 APPPATH\Views\rpvara\progress.php(37): CodeIgniter\Debug\Exceptions->errorHandler(2, 'Undefined array key "id"', 'C:\\xampp\\htdocs\\assessors-profile\\app\\Views\\rpvara\\progress.php', 37)
 2 SYSTEMPATH\View\View.php(226): include('C:\\xampp\\htdocs\\assessors-profile\\app\\Views\\rpvara\\progress.php')
 3 SYSTEMPATH\View\View.php(229): CodeIgniter\View\View->CodeIgniter\View\{closure}()
 4 SYSTEMPATH\Common.php(1167): CodeIgniter\View\View->render('rpvara/progress', [], true)
 5 APPPATH\Controllers\Rpvara.php(72): view('rpvara/progress', [...])
 6 SYSTEMPATH\CodeIgniter.php(933): App\Controllers\Rpvara->progress()
 7 SYSTEMPATH\CodeIgniter.php(507): CodeIgniter\CodeIgniter->runController(Object(App\Controllers\Rpvara))
 8 SYSTEMPATH\CodeIgniter.php(354): CodeIgniter\CodeIgniter->handleRequest(null, Object(Config\Cache), false)
 9 SYSTEMPATH\Boot.php(363): CodeIgniter\CodeIgniter->run()
10 SYSTEMPATH\Boot.php(68): CodeIgniter\Boot::runCodeIgniter(Object(CodeIgniter\CodeIgniter))
11 FCPATH\index.php(59): CodeIgniter\Boot::bootWeb(Object(Config\Paths))
DEBUG - 2025-09-03 08:09:58 --> Session: Class initialized using 'CodeIgniter\Session\Handlers\FileHandler' driver.
CRITICAL - 2025-09-03 08:09:58 --> ErrorException: Undefined array key "id"
[Method: GET, Route: rpvara/progress]
in APPPATH\Views\rpvara\progress.php on line 37.
 1 APPPATH\Views\rpvara\progress.php(37): CodeIgniter\Debug\Exceptions->errorHandler(2, 'Undefined array key "id"', 'C:\\xampp\\htdocs\\assessors-profile\\app\\Views\\rpvara\\progress.php', 37)
 2 SYSTEMPATH\View\View.php(226): include('C:\\xampp\\htdocs\\assessors-profile\\app\\Views\\rpvara\\progress.php')
 3 SYSTEMPATH\View\View.php(229): CodeIgniter\View\View->CodeIgniter\View\{closure}()
 4 SYSTEMPATH\Common.php(1167): CodeIgniter\View\View->render('rpvara/progress', [], true)
 5 APPPATH\Controllers\Rpvara.php(72): view('rpvara/progress', [...])
 6 SYSTEMPATH\CodeIgniter.php(933): App\Controllers\Rpvara->progress()
 7 SYSTEMPATH\CodeIgniter.php(507): CodeIgniter\CodeIgniter->runController(Object(App\Controllers\Rpvara))
 8 SYSTEMPATH\CodeIgniter.php(354): CodeIgniter\CodeIgniter->handleRequest(null, Object(Config\Cache), false)
 9 SYSTEMPATH\Boot.php(363): CodeIgniter\CodeIgniter->run()
10 SYSTEMPATH\Boot.php(68): CodeIgniter\Boot::runCodeIgniter(Object(CodeIgniter\CodeIgniter))
11 FCPATH\index.php(59): CodeIgniter\Boot::bootWeb(Object(Config\Paths))
DEBUG - 2025-09-03 08:10:05 --> Session: Class initialized using 'CodeIgniter\Session\Handlers\FileHandler' driver.
DEBUG - 2025-09-03 08:23:21 --> Session: Class initialized using 'CodeIgniter\Session\Handlers\FileHandler' driver.
ERROR - 2025-09-03 08:23:21 --> mysqli_sql_exception: Table 'assessors_profile.smv_activity_categories' doesn't exist in C:\xampp\htdocs\assessors-profile\system\Database\MySQLi\Connection.php:327
Stack trace:
#0 C:\xampp\htdocs\assessors-profile\system\Database\MySQLi\Connection.php(327): mysqli->query('SELECT `smv_act...', 0)
#1 C:\xampp\htdocs\assessors-profile\system\Database\BaseConnection.php(729): CodeIgniter\Database\MySQLi\Connection->execute('SELECT `smv_act...')
#2 C:\xampp\htdocs\assessors-profile\system\Database\BaseConnection.php(646): CodeIgniter\Database\BaseConnection->simpleQuery('SELECT `smv_act...')
#3 C:\xampp\htdocs\assessors-profile\system\Database\BaseBuilder.php(1649): CodeIgniter\Database\BaseConnection->query('SELECT `smv_act...', Array, false)
#4 C:\xampp\htdocs\assessors-profile\system\Model.php(286): CodeIgniter\Database\BaseBuilder->get()
#5 C:\xampp\htdocs\assessors-profile\system\BaseModel.php(677): CodeIgniter\Model->doFindAll(0, 0)
#6 C:\xampp\htdocs\assessors-profile\app\Models\RpvaraModel.php(19): CodeIgniter\BaseModel->findAll()
#7 C:\xampp\htdocs\assessors-profile\app\Controllers\Rpvara.php(20): App\Models\RpvaraModel->getActivitiesByProvince(1)
#8 C:\xampp\htdocs\assessors-profile\system\CodeIgniter.php(933): App\Controllers\Rpvara->progress()
#9 C:\xampp\htdocs\assessors-profile\system\CodeIgniter.php(507): CodeIgniter\CodeIgniter->runController(Object(App\Controllers\Rpvara))
#10 C:\xampp\htdocs\assessors-profile\system\CodeIgniter.php(354): CodeIgniter\CodeIgniter->handleRequest(NULL, Object(Config\Cache), false)
#11 C:\xampp\htdocs\assessors-profile\system\Boot.php(363): CodeIgniter\CodeIgniter->run()
#12 C:\xampp\htdocs\assessors-profile\system\Boot.php(68): CodeIgniter\Boot::runCodeIgniter(Object(CodeIgniter\CodeIgniter))
#13 C:\xampp\htdocs\assessors-profile\public\index.php(59): CodeIgniter\Boot::bootWeb(Object(Config\Paths))
#14 {main}
CRITICAL - 2025-09-03 08:23:21 --> CodeIgniter\Database\Exceptions\DatabaseException: Table 'assessors_profile.smv_activity_categories' doesn't exist
[Method: GET, Route: rpvara/progress]
in SYSTEMPATH\Database\BaseConnection.php on line 684.
 1 SYSTEMPATH\Database\BaseBuilder.php(1649): CodeIgniter\Database\BaseConnection->query('SELECT `smv_activities`.*, `smv_activity_categories`.`name` as `category_name`
FROM `smv_activities`
JOIN `smv_activity_categories` ON `smv_activities`.`category_id` = `smv_activity_categories`.`id`
WHERE `province_id` = :province_id:
ORDER BY `category_name` ASC', [...], false)
 2 SYSTEMPATH\Model.php(286): CodeIgniter\Database\BaseBuilder->get()
 3 SYSTEMPATH\BaseModel.php(677): CodeIgniter\Model->doFindAll(0, 0)
 4 APPPATH\Models\RpvaraModel.php(19): CodeIgniter\BaseModel->findAll()
 5 APPPATH\Controllers\Rpvara.php(20): App\Models\RpvaraModel->getActivitiesByProvince(1)
 6 SYSTEMPATH\CodeIgniter.php(933): App\Controllers\Rpvara->progress()
 7 SYSTEMPATH\CodeIgniter.php(507): CodeIgniter\CodeIgniter->runController(Object(App\Controllers\Rpvara))
 8 SYSTEMPATH\CodeIgniter.php(354): CodeIgniter\CodeIgniter->handleRequest(null, Object(Config\Cache), false)
 9 SYSTEMPATH\Boot.php(363): CodeIgniter\CodeIgniter->run()
10 SYSTEMPATH\Boot.php(68): CodeIgniter\Boot::runCodeIgniter(Object(CodeIgniter\CodeIgniter))
11 FCPATH\index.php(59): CodeIgniter\Boot::bootWeb(Object(Config\Paths))
CRITICAL - 2025-09-03 08:23:21 --> [Caused by] CodeIgniter\Database\Exceptions\DatabaseException: Table 'assessors_profile.smv_activity_categories' doesn't exist
in SYSTEMPATH\Database\MySQLi\Connection.php on line 332.
 1 SYSTEMPATH\Database\BaseConnection.php(729): CodeIgniter\Database\MySQLi\Connection->execute('SELECT `smv_activities`.*, `smv_activity_categories`.`name` as `category_name`
FROM `smv_activities`
JOIN `smv_activity_categories` ON `smv_activities`.`category_id` = `smv_activity_categories`.`id`
WHERE `province_id` = 1
ORDER BY `category_name` ASC')
 2 SYSTEMPATH\Database\BaseConnection.php(646): CodeIgniter\Database\BaseConnection->simpleQuery('SELECT `smv_activities`.*, `smv_activity_categories`.`name` as `category_name`
FROM `smv_activities`
JOIN `smv_activity_categories` ON `smv_activities`.`category_id` = `smv_activity_categories`.`id`
WHERE `province_id` = 1
ORDER BY `category_name` ASC')
 3 SYSTEMPATH\Database\BaseBuilder.php(1649): CodeIgniter\Database\BaseConnection->query('SELECT `smv_activities`.*, `smv_activity_categories`.`name` as `category_name`
FROM `smv_activities`
JOIN `smv_activity_categories` ON `smv_activities`.`category_id` = `smv_activity_categories`.`id`
WHERE `province_id` = :province_id:
ORDER BY `category_name` ASC', [...], false)
 4 SYSTEMPATH\Model.php(286): CodeIgniter\Database\BaseBuilder->get()
 5 SYSTEMPATH\BaseModel.php(677): CodeIgniter\Model->doFindAll(0, 0)
 6 APPPATH\Models\RpvaraModel.php(19): CodeIgniter\BaseModel->findAll()
 7 APPPATH\Controllers\Rpvara.php(20): App\Models\RpvaraModel->getActivitiesByProvince(1)
 8 SYSTEMPATH\CodeIgniter.php(933): App\Controllers\Rpvara->progress()
 9 SYSTEMPATH\CodeIgniter.php(507): CodeIgniter\CodeIgniter->runController(Object(App\Controllers\Rpvara))
10 SYSTEMPATH\CodeIgniter.php(354): CodeIgniter\CodeIgniter->handleRequest(null, Object(Config\Cache), false)
11 SYSTEMPATH\Boot.php(363): CodeIgniter\CodeIgniter->run()
12 SYSTEMPATH\Boot.php(68): CodeIgniter\Boot::runCodeIgniter(Object(CodeIgniter\CodeIgniter))
13 FCPATH\index.php(59): CodeIgniter\Boot::bootWeb(Object(Config\Paths))
CRITICAL - 2025-09-03 08:23:21 --> [Caused by] mysqli_sql_exception: Table 'assessors_profile.smv_activity_categories' doesn't exist
in SYSTEMPATH\Database\MySQLi\Connection.php on line 327.
 1 SYSTEMPATH\Database\MySQLi\Connection.php(327): mysqli->query('SELECT `smv_activities`.*, `smv_activity_categories`.`name` as `category_name`
FROM `smv_activities`
JOIN `smv_activity_categories` ON `smv_activities`.`category_id` = `smv_activity_categories`.`id`
WHERE `province_id` = 1
ORDER BY `category_name` ASC', 0)
 2 SYSTEMPATH\Database\BaseConnection.php(729): CodeIgniter\Database\MySQLi\Connection->execute('SELECT `smv_activities`.*, `smv_activity_categories`.`name` as `category_name`
FROM `smv_activities`
JOIN `smv_activity_categories` ON `smv_activities`.`category_id` = `smv_activity_categories`.`id`
WHERE `province_id` = 1
ORDER BY `category_name` ASC')
 3 SYSTEMPATH\Database\BaseConnection.php(646): CodeIgniter\Database\BaseConnection->simpleQuery('SELECT `smv_activities`.*, `smv_activity_categories`.`name` as `category_name`
FROM `smv_activities`
JOIN `smv_activity_categories` ON `smv_activities`.`category_id` = `smv_activity_categories`.`id`
WHERE `province_id` = 1
ORDER BY `category_name` ASC')
 4 SYSTEMPATH\Database\BaseBuilder.php(1649): CodeIgniter\Database\BaseConnection->query('SELECT `smv_activities`.*, `smv_activity_categories`.`name` as `category_name`
FROM `smv_activities`
JOIN `smv_activity_categories` ON `smv_activities`.`category_id` = `smv_activity_categories`.`id`
WHERE `province_id` = :province_id:
ORDER BY `category_name` ASC', [...], false)
 5 SYSTEMPATH\Model.php(286): CodeIgniter\Database\BaseBuilder->get()
 6 SYSTEMPATH\BaseModel.php(677): CodeIgniter\Model->doFindAll(0, 0)
 7 APPPATH\Models\RpvaraModel.php(19): CodeIgniter\BaseModel->findAll()
 8 APPPATH\Controllers\Rpvara.php(20): App\Models\RpvaraModel->getActivitiesByProvince(1)
 9 SYSTEMPATH\CodeIgniter.php(933): App\Controllers\Rpvara->progress()
10 SYSTEMPATH\CodeIgniter.php(507): CodeIgniter\CodeIgniter->runController(Object(App\Controllers\Rpvara))
11 SYSTEMPATH\CodeIgniter.php(354): CodeIgniter\CodeIgniter->handleRequest(null, Object(Config\Cache), false)
12 SYSTEMPATH\Boot.php(363): CodeIgniter\CodeIgniter->run()
13 SYSTEMPATH\Boot.php(68): CodeIgniter\Boot::runCodeIgniter(Object(CodeIgniter\CodeIgniter))
14 FCPATH\index.php(59): CodeIgniter\Boot::bootWeb(Object(Config\Paths))
DEBUG - 2025-09-03 08:25:10 --> Session: Class initialized using 'CodeIgniter\Session\Handlers\FileHandler' driver.
ERROR - 2025-09-03 08:25:10 --> mysqli_sql_exception: Unknown column 'province_id' in 'where clause' in C:\xampp\htdocs\assessors-profile\system\Database\MySQLi\Connection.php:327
Stack trace:
#0 C:\xampp\htdocs\assessors-profile\system\Database\MySQLi\Connection.php(327): mysqli->query('SELECT `smv_act...', 0)
#1 C:\xampp\htdocs\assessors-profile\system\Database\BaseConnection.php(729): CodeIgniter\Database\MySQLi\Connection->execute('SELECT `smv_act...')
#2 C:\xampp\htdocs\assessors-profile\system\Database\BaseConnection.php(646): CodeIgniter\Database\BaseConnection->simpleQuery('SELECT `smv_act...')
#3 C:\xampp\htdocs\assessors-profile\system\Database\BaseBuilder.php(1649): CodeIgniter\Database\BaseConnection->query('SELECT `smv_act...', Array, false)
#4 C:\xampp\htdocs\assessors-profile\system\Model.php(286): CodeIgniter\Database\BaseBuilder->get()
#5 C:\xampp\htdocs\assessors-profile\system\BaseModel.php(677): CodeIgniter\Model->doFindAll(0, 0)
#6 C:\xampp\htdocs\assessors-profile\app\Models\RpvaraModel.php(19): CodeIgniter\BaseModel->findAll()
#7 C:\xampp\htdocs\assessors-profile\app\Controllers\Rpvara.php(20): App\Models\RpvaraModel->getActivitiesByProvince(1)
#8 C:\xampp\htdocs\assessors-profile\system\CodeIgniter.php(933): App\Controllers\Rpvara->progress()
#9 C:\xampp\htdocs\assessors-profile\system\CodeIgniter.php(507): CodeIgniter\CodeIgniter->runController(Object(App\Controllers\Rpvara))
#10 C:\xampp\htdocs\assessors-profile\system\CodeIgniter.php(354): CodeIgniter\CodeIgniter->handleRequest(NULL, Object(Config\Cache), false)
#11 C:\xampp\htdocs\assessors-profile\system\Boot.php(363): CodeIgniter\CodeIgniter->run()
#12 C:\xampp\htdocs\assessors-profile\system\Boot.php(68): CodeIgniter\Boot::runCodeIgniter(Object(CodeIgniter\CodeIgniter))
#13 C:\xampp\htdocs\assessors-profile\public\index.php(59): CodeIgniter\Boot::bootWeb(Object(Config\Paths))
#14 {main}
CRITICAL - 2025-09-03 08:25:10 --> CodeIgniter\Database\Exceptions\DatabaseException: Unknown column 'province_id' in 'where clause'
[Method: GET, Route: rpvara/progress]
in SYSTEMPATH\Database\BaseConnection.php on line 684.
 1 SYSTEMPATH\Database\BaseBuilder.php(1649): CodeIgniter\Database\BaseConnection->query('SELECT `smv_activities`.*, `smv_activity_categories`.`name` as `category_name`
FROM `smv_activities`
JOIN `smv_activity_categories` ON `smv_activities`.`category_id` = `smv_activity_categories`.`id`
WHERE `province_id` = :province_id:
ORDER BY `category_name` ASC', [...], false)
 2 SYSTEMPATH\Model.php(286): CodeIgniter\Database\BaseBuilder->get()
 3 SYSTEMPATH\BaseModel.php(677): CodeIgniter\Model->doFindAll(0, 0)
 4 APPPATH\Models\RpvaraModel.php(19): CodeIgniter\BaseModel->findAll()
 5 APPPATH\Controllers\Rpvara.php(20): App\Models\RpvaraModel->getActivitiesByProvince(1)
 6 SYSTEMPATH\CodeIgniter.php(933): App\Controllers\Rpvara->progress()
 7 SYSTEMPATH\CodeIgniter.php(507): CodeIgniter\CodeIgniter->runController(Object(App\Controllers\Rpvara))
 8 SYSTEMPATH\CodeIgniter.php(354): CodeIgniter\CodeIgniter->handleRequest(null, Object(Config\Cache), false)
 9 SYSTEMPATH\Boot.php(363): CodeIgniter\CodeIgniter->run()
10 SYSTEMPATH\Boot.php(68): CodeIgniter\Boot::runCodeIgniter(Object(CodeIgniter\CodeIgniter))
11 FCPATH\index.php(59): CodeIgniter\Boot::bootWeb(Object(Config\Paths))
CRITICAL - 2025-09-03 08:25:10 --> [Caused by] CodeIgniter\Database\Exceptions\DatabaseException: Unknown column 'province_id' in 'where clause'
in SYSTEMPATH\Database\MySQLi\Connection.php on line 332.
 1 SYSTEMPATH\Database\BaseConnection.php(729): CodeIgniter\Database\MySQLi\Connection->execute('SELECT `smv_activities`.*, `smv_activity_categories`.`name` as `category_name`
FROM `smv_activities`
JOIN `smv_activity_categories` ON `smv_activities`.`category_id` = `smv_activity_categories`.`id`
WHERE `province_id` = 1
ORDER BY `category_name` ASC')
 2 SYSTEMPATH\Database\BaseConnection.php(646): CodeIgniter\Database\BaseConnection->simpleQuery('SELECT `smv_activities`.*, `smv_activity_categories`.`name` as `category_name`
FROM `smv_activities`
JOIN `smv_activity_categories` ON `smv_activities`.`category_id` = `smv_activity_categories`.`id`
WHERE `province_id` = 1
ORDER BY `category_name` ASC')
 3 SYSTEMPATH\Database\BaseBuilder.php(1649): CodeIgniter\Database\BaseConnection->query('SELECT `smv_activities`.*, `smv_activity_categories`.`name` as `category_name`
FROM `smv_activities`
JOIN `smv_activity_categories` ON `smv_activities`.`category_id` = `smv_activity_categories`.`id`
WHERE `province_id` = :province_id:
ORDER BY `category_name` ASC', [...], false)
 4 SYSTEMPATH\Model.php(286): CodeIgniter\Database\BaseBuilder->get()
 5 SYSTEMPATH\BaseModel.php(677): CodeIgniter\Model->doFindAll(0, 0)
 6 APPPATH\Models\RpvaraModel.php(19): CodeIgniter\BaseModel->findAll()
 7 APPPATH\Controllers\Rpvara.php(20): App\Models\RpvaraModel->getActivitiesByProvince(1)
 8 SYSTEMPATH\CodeIgniter.php(933): App\Controllers\Rpvara->progress()
 9 SYSTEMPATH\CodeIgniter.php(507): CodeIgniter\CodeIgniter->runController(Object(App\Controllers\Rpvara))
10 SYSTEMPATH\CodeIgniter.php(354): CodeIgniter\CodeIgniter->handleRequest(null, Object(Config\Cache), false)
11 SYSTEMPATH\Boot.php(363): CodeIgniter\CodeIgniter->run()
12 SYSTEMPATH\Boot.php(68): CodeIgniter\Boot::runCodeIgniter(Object(CodeIgniter\CodeIgniter))
13 FCPATH\index.php(59): CodeIgniter\Boot::bootWeb(Object(Config\Paths))
CRITICAL - 2025-09-03 08:25:10 --> [Caused by] mysqli_sql_exception: Unknown column 'province_id' in 'where clause'
in SYSTEMPATH\Database\MySQLi\Connection.php on line 327.
 1 SYSTEMPATH\Database\MySQLi\Connection.php(327): mysqli->query('SELECT `smv_activities`.*, `smv_activity_categories`.`name` as `category_name`
FROM `smv_activities`
JOIN `smv_activity_categories` ON `smv_activities`.`category_id` = `smv_activity_categories`.`id`
WHERE `province_id` = 1
ORDER BY `category_name` ASC', 0)
 2 SYSTEMPATH\Database\BaseConnection.php(729): CodeIgniter\Database\MySQLi\Connection->execute('SELECT `smv_activities`.*, `smv_activity_categories`.`name` as `category_name`
FROM `smv_activities`
JOIN `smv_activity_categories` ON `smv_activities`.`category_id` = `smv_activity_categories`.`id`
WHERE `province_id` = 1
ORDER BY `category_name` ASC')
 3 SYSTEMPATH\Database\BaseConnection.php(646): CodeIgniter\Database\BaseConnection->simpleQuery('SELECT `smv_activities`.*, `smv_activity_categories`.`name` as `category_name`
FROM `smv_activities`
JOIN `smv_activity_categories` ON `smv_activities`.`category_id` = `smv_activity_categories`.`id`
WHERE `province_id` = 1
ORDER BY `category_name` ASC')
 4 SYSTEMPATH\Database\BaseBuilder.php(1649): CodeIgniter\Database\BaseConnection->query('SELECT `smv_activities`.*, `smv_activity_categories`.`name` as `category_name`
FROM `smv_activities`
JOIN `smv_activity_categories` ON `smv_activities`.`category_id` = `smv_activity_categories`.`id`
WHERE `province_id` = :province_id:
ORDER BY `category_name` ASC', [...], false)
 5 SYSTEMPATH\Model.php(286): CodeIgniter\Database\BaseBuilder->get()
 6 SYSTEMPATH\BaseModel.php(677): CodeIgniter\Model->doFindAll(0, 0)
 7 APPPATH\Models\RpvaraModel.php(19): CodeIgniter\BaseModel->findAll()
 8 APPPATH\Controllers\Rpvara.php(20): App\Models\RpvaraModel->getActivitiesByProvince(1)
 9 SYSTEMPATH\CodeIgniter.php(933): App\Controllers\Rpvara->progress()
10 SYSTEMPATH\CodeIgniter.php(507): CodeIgniter\CodeIgniter->runController(Object(App\Controllers\Rpvara))
11 SYSTEMPATH\CodeIgniter.php(354): CodeIgniter\CodeIgniter->handleRequest(null, Object(Config\Cache), false)
12 SYSTEMPATH\Boot.php(363): CodeIgniter\CodeIgniter->run()
13 SYSTEMPATH\Boot.php(68): CodeIgniter\Boot::runCodeIgniter(Object(CodeIgniter\CodeIgniter))
14 FCPATH\index.php(59): CodeIgniter\Boot::bootWeb(Object(Config\Paths))
DEBUG - 2025-09-03 08:27:22 --> Session: Class initialized using 'CodeIgniter\Session\Handlers\FileHandler' driver.
CRITICAL - 2025-09-03 08:27:22 --> ErrorException: Undefined array key "activity"
[Method: GET, Route: rpvara/progress]
in APPPATH\Controllers\Rpvara.php on line 28.
 1 APPPATH\Controllers\Rpvara.php(28): CodeIgniter\Debug\Exceptions->errorHandler(2, 'Undefined array key "activity"', 'C:\\xampp\\htdocs\\assessors-profile\\app\\Controllers\\Rpvara.php', 28)
 2 SYSTEMPATH\CodeIgniter.php(933): App\Controllers\Rpvara->progress()
 3 SYSTEMPATH\CodeIgniter.php(507): CodeIgniter\CodeIgniter->runController(Object(App\Controllers\Rpvara))
 4 SYSTEMPATH\CodeIgniter.php(354): CodeIgniter\CodeIgniter->handleRequest(null, Object(Config\Cache), false)
 5 SYSTEMPATH\Boot.php(363): CodeIgniter\CodeIgniter->run()
 6 SYSTEMPATH\Boot.php(68): CodeIgniter\Boot::runCodeIgniter(Object(CodeIgniter\CodeIgniter))
 7 FCPATH\index.php(59): CodeIgniter\Boot::bootWeb(Object(Config\Paths))
DEBUG - 2025-09-03 08:29:22 --> Session: Class initialized using 'CodeIgniter\Session\Handlers\FileHandler' driver.
CRITICAL - 2025-09-03 08:29:22 --> ErrorException: Undefined array key "activity"
[Method: GET, Route: rpvara/progress]
in APPPATH\Controllers\Rpvara.php on line 28.
 1 APPPATH\Controllers\Rpvara.php(28): CodeIgniter\Debug\Exceptions->errorHandler(2, 'Undefined array key "activity"', 'C:\\xampp\\htdocs\\assessors-profile\\app\\Controllers\\Rpvara.php', 28)
 2 SYSTEMPATH\CodeIgniter.php(933): App\Controllers\Rpvara->progress()
 3 SYSTEMPATH\CodeIgniter.php(507): CodeIgniter\CodeIgniter->runController(Object(App\Controllers\Rpvara))
 4 SYSTEMPATH\CodeIgniter.php(354): CodeIgniter\CodeIgniter->handleRequest(null, Object(Config\Cache), false)
 5 SYSTEMPATH\Boot.php(363): CodeIgniter\CodeIgniter->run()
 6 SYSTEMPATH\Boot.php(68): CodeIgniter\Boot::runCodeIgniter(Object(CodeIgniter\CodeIgniter))
 7 FCPATH\index.php(59): CodeIgniter\Boot::bootWeb(Object(Config\Paths))
DEBUG - 2025-09-03 08:29:25 --> Session: Class initialized using 'CodeIgniter\Session\Handlers\FileHandler' driver.
CRITICAL - 2025-09-03 08:29:25 --> ErrorException: Undefined array key "activity"
[Method: GET, Route: rpvara/progress]
in APPPATH\Controllers\Rpvara.php on line 28.
 1 APPPATH\Controllers\Rpvara.php(28): CodeIgniter\Debug\Exceptions->errorHandler(2, 'Undefined array key "activity"', 'C:\\xampp\\htdocs\\assessors-profile\\app\\Controllers\\Rpvara.php', 28)
 2 SYSTEMPATH\CodeIgniter.php(933): App\Controllers\Rpvara->progress()
 3 SYSTEMPATH\CodeIgniter.php(507): CodeIgniter\CodeIgniter->runController(Object(App\Controllers\Rpvara))
 4 SYSTEMPATH\CodeIgniter.php(354): CodeIgniter\CodeIgniter->handleRequest(null, Object(Config\Cache), false)
 5 SYSTEMPATH\Boot.php(363): CodeIgniter\CodeIgniter->run()
 6 SYSTEMPATH\Boot.php(68): CodeIgniter\Boot::runCodeIgniter(Object(CodeIgniter\CodeIgniter))
 7 FCPATH\index.php(59): CodeIgniter\Boot::bootWeb(Object(Config\Paths))
DEBUG - 2025-09-03 08:29:39 --> Session: Class initialized using 'CodeIgniter\Session\Handlers\FileHandler' driver.
CRITICAL - 2025-09-03 08:29:39 --> ErrorException: Undefined array key "status"
[Method: GET, Route: rpvara/progress]
in APPPATH\Controllers\Rpvara.php on line 29.
 1 APPPATH\Controllers\Rpvara.php(29): CodeIgniter\Debug\Exceptions->errorHandler(2, 'Undefined array key "status"', 'C:\\xampp\\htdocs\\assessors-profile\\app\\Controllers\\Rpvara.php', 29)
 2 SYSTEMPATH\CodeIgniter.php(933): App\Controllers\Rpvara->progress()
 3 SYSTEMPATH\CodeIgniter.php(507): CodeIgniter\CodeIgniter->runController(Object(App\Controllers\Rpvara))
 4 SYSTEMPATH\CodeIgniter.php(354): CodeIgniter\CodeIgniter->handleRequest(null, Object(Config\Cache), false)
 5 SYSTEMPATH\Boot.php(363): CodeIgniter\CodeIgniter->run()
 6 SYSTEMPATH\Boot.php(68): CodeIgniter\Boot::runCodeIgniter(Object(CodeIgniter\CodeIgniter))
 7 FCPATH\index.php(59): CodeIgniter\Boot::bootWeb(Object(Config\Paths))
DEBUG - 2025-09-03 08:30:37 --> Session: Class initialized using 'CodeIgniter\Session\Handlers\FileHandler' driver.
DEBUG - 2025-09-03 08:30:38 --> Session: Class initialized using 'CodeIgniter\Session\Handlers\FileHandler' driver.
DEBUG - 2025-09-03 08:32:41 --> Session: Class initialized using 'CodeIgniter\Session\Handlers\FileHandler' driver.
DEBUG - 2025-09-03 08:35:09 --> Session: Class initialized using 'CodeIgniter\Session\Handlers\FileHandler' driver.
DEBUG - 2025-09-03 08:35:09 --> Session: Class initialized using 'CodeIgniter\Session\Handlers\FileHandler' driver.
DEBUG - 2025-09-03 08:35:16 --> Session: Class initialized using 'CodeIgniter\Session\Handlers\FileHandler' driver.
DEBUG - 2025-09-03 08:35:32 --> Session: Class initialized using 'CodeIgniter\Session\Handlers\FileHandler' driver.
DEBUG - 2025-09-03 08:35:35 --> Session: Class initialized using 'CodeIgniter\Session\Handlers\FileHandler' driver.
